<?xml version="1.0" encoding="UTF-8"?>
<!-- Generated by org.testng.reporters.JUnitReportReporter -->
<testsuite skipped="0" hostname="Syeds-Air.attlocal.net" name="oneNRB.LogInTest" tests="1" failures="0" timestamp="20 Apr 2022 17:24:44 GMT" time="0.084" errors="0">
  <testcase name="test1" time="0.084" classname="oneNRB.LogInTest"/>
</testsuite> <!-- oneNRB.LogInTest -->
