<?xml version="1.0" encoding="UTF-8"?>
<!-- Generated by org.testng.reporters.JUnitReportReporter -->
<testsuite skipped="0" hostname="Syeds-Air.attlocal.net" name="reUsables.BasePage" tests="1" failures="0" timestamp="19 Apr 2022 17:49:21 GMT" time="0.068" errors="0">
  <testcase name="test1" time="0.068" classname="reUsables.BasePage"/>
</testsuite> <!-- reUsables.BasePage -->
